#
# A fatal error has been detected by the Java Runtime Environment:
#
#  EXCEPTION_ACCESS_VIOLATION (0xc0000005) at pc=0x00007ffdc659b60d, pid=5308, tid=8056
#
# JRE version: OpenJDK Runtime Environment (17.0.1+12) (build 17.0.1+12-39)
# Java VM: OpenJDK 64-Bit Server VM (17.0.1+12-39, mixed mode, sharing, tiered, compressed oops, compressed class ptrs, g1 gc, windows-amd64)
# Problematic frame:
# C  [ig11icd64.dll+0x57b60d]
#
# No core dump will be written. Minidumps are not enabled by default on client versions of Windows
#
# If you would like to submit a bug report, please visit:
#   https://bugreport.java.com/bugreport/crash.jsp
# The crash happened outside the Java Virtual Machine in native code.
# See problematic frame for where to report the bug.
#

---------------  S U M M A R Y ------------

Command Line: --add-exports=java.base/java.lang=ALL-UNNAMED --add-exports=java.desktop/sun.awt=ALL-UNNAMED --add-exports=java.desktop/sun.java2d=ALL-UNNAMED -javaagent:D:\Tools\IntelliJ IDEA Community Edition 2021.2.3\lib\idea_rt.jar=62753:D:\Tools\IntelliJ IDEA Community Edition 2021.2.3\bin -Dfile.encoding=UTF-8 MainFrame

Host: Intel(R) Core(TM) i5-1035G1 CPU @ 1.00GHz, 8 cores, 15G,  Windows 10 , 64 bit Build 22621 (10.0.22621.1635)
Time: Mon May 22 21:45:43 2023 GTB Daylight Time elapsed time: 873.324990 seconds (0d 0h 14m 33s)

---------------  T H R E A D  ---------------

Current thread (0x00000274cd402f50):  JavaThread "AWT-EventQueue-0" [_thread_in_native, id=8056, stack(0x000000d4faf00000,0x000000d4fb000000)]

Stack: [0x000000d4faf00000,0x000000d4fb000000],  sp=0x000000d4faffe830,  free space=1018k
Native frames: (J=compiled Java code, j=interpreted, Vv=VM code, C=native code)
C  [ig11icd64.dll+0x57b60d]

Java frames: (J=compiled Java code, j=interpreted, Vv=VM code)
J 2019  jogamp.opengl.gl4.GL4bcImpl.dispatch_glFlush1(J)V (0 bytes) @ 0x00000274b9268a63 [0x00000274b9268a20+0x0000000000000043]
J 2383 c2 MainFrame.display(Lcom/jogamp/opengl/GLAutoDrawable;)V (766 bytes) @ 0x00000274b93468dc [0x00000274b9344920+0x0000000000001fbc]
J 2363 c2 com.jogamp.opengl.awt.GLCanvas$11.run()V (122 bytes) @ 0x00000274b9328198 [0x00000274b9327ea0+0x00000000000002f8]
J 2380 c2 jogamp.opengl.GLDrawableHelper.invokeGLImpl(Lcom/jogamp/opengl/GLDrawable;Lcom/jogamp/opengl/GLContext;Ljava/lang/Runnable;Ljava/lang/Runnable;)V (586 bytes) @ 0x00000274b93413d4 [0x00000274b9341140+0x0000000000000294]
J 2303 c2 java.awt.EventQueue.dispatchEvent(Ljava/awt/AWTEvent;)V java.desktop@17.0.1 (80 bytes) @ 0x00000274b92d6ad4 [0x00000274b92d5780+0x0000000000001354]
J 2304 c2 java.awt.EventDispatchThread.pumpOneEventForFilters(I)V java.desktop@17.0.1 (113 bytes) @ 0x00000274b92e0a64 [0x00000274b92dfd20+0x0000000000000d44]
j  java.awt.EventDispatchThread.pumpEventsForFilter(ILjava/awt/Conditional;Ljava/awt/EventFilter;)V+35 java.desktop@17.0.1
j  java.awt.EventDispatchThread.pumpEventsForHierarchy(ILjava/awt/Conditional;Ljava/awt/Component;)V+11 java.desktop@17.0.1
j  java.awt.EventDispatchThread.pumpEvents(ILjava/awt/Conditional;)V+4 java.desktop@17.0.1
j  java.awt.EventDispatchThread.pumpEvents(Ljava/awt/Conditional;)V+3 java.desktop@17.0.1
j  java.awt.EventDispatchThread.run()V+9 java.desktop@17.0.1
v  ~StubRoutines::call_stub

siginfo: EXCEPTION_ACCESS_VIOLATION (0xc0000005), reading address 0x00000000000000e0


Register to memory mapping:

RIP=0x00007ffdc659b60d ig11icd64.dll
RAX=0x00000000000000c8 is an unknown value
RBX=0x000000d4faffea60 is pointing into the stack for thread: 0x00000274cd402f50
RCX=0x0 is NULL
RDX=0x00000274cda67980 points into unknown readable memory: 0x0000000000000001 | 01 00 00 00 00 00 00 00
RSP=0x000000d4faffe830 is pointing into the stack for thread: 0x00000274cd402f50
RBP=0x00000000000000c8 is an unknown value
RSI=0x0 is NULL
RDI=0x00000274d140c2c0 points into unknown readable memory: 0x00000274cde26040 | 40 60 e2 cd 74 02 00 00
R8 =0x0000000000000001 is an unknown value
R9 =0xffff800100000000 is an unknown value
R10=0x00000000ffffefff is an unknown value
R11=0x00000000ffffefff is an unknown value
R12=0x00000274d1441490 points into unknown readable memory: 0x0000000000000000 | 00 00 00 00 00 00 00 00
R13=0x00000274d1441490 points into unknown readable memory: 0x0000000000000000 | 00 00 00 00 00 00 00 00
R14=0x00000274cda67980 points into unknown readable memory: 0x0000000000000001 | 01 00 00 00 00 00 00 00
R15=0x0000000000000001 is an unknown value


Registers:
RAX=0x00000000000000c8, RBX=0x000000d4faffea60, RCX=0x0000000000000000, RDX=0x00000274cda67980
RSP=0x000000d4faffe830, RBP=0x00000000000000c8, RSI=0x0000000000000000, RDI=0x00000274d140c2c0
R8 =0x0000000000000001, R9 =0xffff800100000000, R10=0x00000000ffffefff, R11=0x00000000ffffefff
R12=0x00000274d1441490, R13=0x00000274d1441490, R14=0x00000274cda67980, R15=0x0000000000000001
RIP=0x00007ffdc659b60d, EFLAGS=0x0000000000010202

Top of Stack: (sp=0x000000d4faffe830)
0x000000d4faffe830:   000000d4faffe8f0 00000274d1441490
0x000000d4faffe840:   0000b80358ac0000 00000274d140c2c0
0x000000d4faffe850:   00000274cda67980 00007ffdc6053dd2
0x000000d4faffe860:   000000d4faffea60 00000274cd9f50b0
0x000000d4faffe870:   0000000000000000 0000000000000001
0x000000d4faffe880:   00000274d1441490 00000274d140c2c0
0x000000d4faffe890:   0000000000000000 000000d4faffe959
0x000000d4faffe8a0:   000000d4faffea60 00007ffdc65eab07
0x000000d4faffe8b0:   000000d4faffe990 00000274d1441490
0x000000d4faffe8c0:   000000d4faffe959 0000000000000000
0x000000d4faffe8d0:   0000027400000002 00007ffdc6053dd2
0x000000d4faffe8e0:   0000027400000000 0000027400000000
0x000000d4faffe8f0:   ffffb80358ac0000 0000000000000000
0x000000d4faffe900:   0000027400000001 00007ffd00000000
0x000000d4faffe910:   0000004161010014 00040000ffff8000
0x000000d4faffe920:   0000000000000041 0000b80358ac0041 

Instructions: (pc=0x00007ffdc659b60d)
0x00007ffdc659b50d:   5c 24 30 49 89 06 48 8b 84 24 a0 00 00 00 49 89
0x00007ffdc659b51d:   46 20 8b 84 24 90 00 00 00 41 89 46 28 8b 84 24
0x00007ffdc659b52d:   88 00 00 00 41 89 46 34 8b 84 24 98 00 00 00 41
0x00007ffdc659b53d:   89 46 2c 0f b6 84 24 a8 00 00 00 41 88 46 48 8b
0x00007ffdc659b54d:   44 24 68 41 89 7e 38 48 8b 7c 24 40 41 89 76 3c
0x00007ffdc659b55d:   48 8b 74 24 38 41 89 46 40 48 83 c4 20 41 5e c3
0x00007ffdc659b56d:   cc cc cc cc cc cc cc cc cc cc cc cc cc cc cc cc
0x00007ffdc659b57d:   cc cc cc 40 53 55 56 57 41 56 41 57 48 83 ec 48
0x00007ffdc659b58d:   4c 8b f2 48 8b f1 8b 8a d0 01 00 00 48 8d ae c8
0x00007ffdc659b59d:   00 00 00 83 f9 10 73 06 48 6b c1 38 eb 5a 8d 51
0x00007ffdc659b5ad:   f0 8b c2 c1 e8 04 83 f8 03 73 1e 0f ae e8 83 e2
0x00007ffdc659b5bd:   0f 4c 8b 84 c5 80 03 00 00 4d 85 c0 74 28 8b c2
0x00007ffdc659b5cd:   48 6b c0 38 49 03 c0 eb 32 48 8b 85 98 03 00 00
0x00007ffdc659b5dd:   48 85 c0 74 11 39 08 0f 84 3d 01 00 00 48 8b 40
0x00007ffdc659b5ed:   40 48 85 c0 75 ef 80 bd a0 03 00 00 00 74 24 8b
0x00007ffdc659b5fd:   c1 83 e0 0f 48 6b c0 38 48 03 c5 48 85 c0 74 13
0x00007ffdc659b60d:   48 8b 40 18 48 83 f8 fd 0f 86 ca 02 00 00 0f 1f
0x00007ffdc659b61d:   44 00 00 48 8b 96 98 04 00 00 48 85 d2 78 f4 48
0x00007ffdc659b62d:   8d 4a 01 48 8b c2 f0 48 0f b1 8e 98 04 00 00 75
0x00007ffdc659b63d:   e2 48 85 d2 0f 85 79 01 00 00 48 8b 86 a0 04 00
0x00007ffdc659b64d:   00 48 89 84 24 88 00 00 00 48 83 f8 fe 0f 82 52
0x00007ffdc659b65d:   01 00 00 88 94 24 80 00 00 00 45 33 ff 4c 89 7c
0x00007ffdc659b66d:   24 30 4c 8b ce 48 8d 94 24 88 00 00 00 48 8b 0e
0x00007ffdc659b67d:   e8 5e a6 ff ff 84 c0 75 7f 66 66 0f 1f 84 00 00
0x00007ffdc659b68d:   00 00 00 48 8b 4e 08 48 8b 01 ba 02 00 00 00 48
0x00007ffdc659b69d:   8b 80 e0 02 00 00 ff 15 57 8f 59 00 48 8b f8 48
0x00007ffdc659b6ad:   8b 1d 8d 64 9c 00 48 89 9c 24 98 00 00 00 48 8b
0x00007ffdc659b6bd:   cb ff 15 3c 8a 59 00 90 4c 8b c7 49 8b d6 48 8d
0x00007ffdc659b6cd:   8c 24 80 00 00 00 e8 08 10 00 00 0f b6 f8 48 8b
0x00007ffdc659b6dd:   cb ff 15 4c 8b 59 00 40 84 ff 74 1c 4c 89 7c 24
0x00007ffdc659b6ed:   30 4c 8b ce 48 8d 94 24 88 00 00 00 48 8b 0e e8
0x00007ffdc659b6fd:   df a5 ff ff 84 c0 74 8b 48 8b bc 24 88 00 00 00 


Stack slot to memory mapping:
stack at sp + 0 slots: 0x000000d4faffe8f0 is pointing into the stack for thread: 0x00000274cd402f50
stack at sp + 1 slots: 0x00000274d1441490 points into unknown readable memory: 0x0000000000000000 | 00 00 00 00 00 00 00 00
stack at sp + 2 slots: 0x0000b80358ac0000 is an unknown value
stack at sp + 3 slots: 0x00000274d140c2c0 points into unknown readable memory: 0x00000274cde26040 | 40 60 e2 cd 74 02 00 00
stack at sp + 4 slots: 0x00000274cda67980 points into unknown readable memory: 0x0000000000000001 | 01 00 00 00 00 00 00 00
stack at sp + 5 slots: 0x00007ffdc6053dd2 ig11icd64.dll
stack at sp + 6 slots: 0x000000d4faffea60 is pointing into the stack for thread: 0x00000274cd402f50
stack at sp + 7 slots: 0x00000274cd9f50b0 points into unknown readable memory: 0xffffffffffffffff | ff ff ff ff ff ff ff ff


---------------  P R O C E S S  ---------------

Threads class SMR info:
_java_thread_list=0x00000274d0e0c550, length=19, elements={
0x00000274cca5e030, 0x00000274cca5eaf0, 0x00000274cca6bc40, 0x00000274cca6db20,
0x00000274cd404c30, 0x00000274cd403dc0, 0x00000274cd4063d0, 0x00000274cd4125e0,
0x00000274cd41eae0, 0x00000274cd4025b0, 0x00000274cd4055d0, 0x00000274cd403420,
0x00000274cd405aa0, 0x00000274cd4020e0, 0x00000274cd4038f0, 0x00000274cd402a80,
0x00000274cd402f50, 0x00000274cd404760, 0x00000274cd405100
}

Java Threads: ( => current thread )
  0x00000274cca5e030 JavaThread "Reference Handler" daemon [_thread_blocked, id=12116, stack(0x000000d4f9300000,0x000000d4f9400000)]
  0x00000274cca5eaf0 JavaThread "Finalizer" daemon [_thread_blocked, id=22896, stack(0x000000d4f9400000,0x000000d4f9500000)]
  0x00000274cca6bc40 JavaThread "Signal Dispatcher" daemon [_thread_blocked, id=22260, stack(0x000000d4f9500000,0x000000d4f9600000)]
  0x00000274cca6db20 JavaThread "Attach Listener" daemon [_thread_blocked, id=24292, stack(0x000000d4f9600000,0x000000d4f9700000)]
  0x00000274cd404c30 JavaThread "Service Thread" daemon [_thread_blocked, id=8464, stack(0x000000d4f9700000,0x000000d4f9800000)]
  0x00000274cd403dc0 JavaThread "Monitor Deflation Thread" daemon [_thread_blocked, id=25948, stack(0x000000d4f9800000,0x000000d4f9900000)]
  0x00000274cd4063d0 JavaThread "C2 CompilerThread0" daemon [_thread_blocked, id=24248, stack(0x000000d4f9900000,0x000000d4f9a00000)]
  0x00000274cd4125e0 JavaThread "C1 CompilerThread0" daemon [_thread_blocked, id=21700, stack(0x000000d4f9a00000,0x000000d4f9b00000)]
  0x00000274cd41eae0 JavaThread "Sweeper thread" daemon [_thread_blocked, id=18864, stack(0x000000d4f9b00000,0x000000d4f9c00000)]
  0x00000274cd4025b0 JavaThread "Common-Cleaner" daemon [_thread_blocked, id=22132, stack(0x000000d4f9c00000,0x000000d4f9d00000)]
  0x00000274cd4055d0 JavaThread "Monitor Ctrl-Break" daemon [_thread_in_native, id=17196, stack(0x000000d4f9d00000,0x000000d4f9e00000)]
  0x00000274cd403420 JavaThread "Notification Thread" daemon [_thread_blocked, id=1292, stack(0x000000d4f9e00000,0x000000d4f9f00000)]
  0x00000274cd405aa0 JavaThread "Java2D Disposer" daemon [_thread_blocked, id=17512, stack(0x000000d4fa000000,0x000000d4fa100000)]
  0x00000274cd4020e0 JavaThread "AWT-Windows" daemon [_thread_in_native, id=20540, stack(0x000000d4fa200000,0x000000d4fa300000)]
  0x00000274cd4038f0 JavaThread "main-SharedResourceRunner" daemon [_thread_blocked, id=25956, stack(0x000000d4fa400000,0x000000d4fa500000)]
  0x00000274cd402a80 JavaThread "AWT-Shutdown" [_thread_blocked, id=19176, stack(0x000000d4fae00000,0x000000d4faf00000)]
=>0x00000274cd402f50 JavaThread "AWT-EventQueue-0" [_thread_in_native, id=8056, stack(0x000000d4faf00000,0x000000d4fb000000)]
  0x00000274cd404760 JavaThread "main-FPSAWTAnimator#00-Timer0" [_thread_blocked, id=15596, stack(0x000000d4fb000000,0x000000d4fb100000)]
  0x00000274cd405100 JavaThread "DestroyJavaVM" [_thread_blocked, id=25408, stack(0x000000d4f8c00000,0x000000d4f8d00000)]

Other Threads:
  0x00000274cca58680 VMThread "VM Thread" [stack: 0x000000d4f9200000,0x000000d4f9300000] [id=1608]
  0x00000274a9ea97e0 WatcherThread [stack: 0x000000d4f9f00000,0x000000d4fa000000] [id=14432]
  0x00000274a9ef2c60 GCTaskThread "GC Thread#0" [stack: 0x000000d4f8d00000,0x000000d4f8e00000] [id=22800]
  0x00000274cdc29210 GCTaskThread "GC Thread#1" [stack: 0x000000d4fa100000,0x000000d4fa200000] [id=20764]
  0x00000274cdc41590 GCTaskThread "GC Thread#2" [stack: 0x000000d4fa300000,0x000000d4fa400000] [id=7252]
  0x00000274cdc41840 GCTaskThread "GC Thread#3" [stack: 0x000000d4fa900000,0x000000d4faa00000] [id=21668]
  0x00000274cdc41af0 GCTaskThread "GC Thread#4" [stack: 0x000000d4faa00000,0x000000d4fab00000] [id=9524]
  0x00000274cdc41da0 GCTaskThread "GC Thread#5" [stack: 0x000000d4fab00000,0x000000d4fac00000] [id=2740]
  0x00000274d0cf2040 GCTaskThread "GC Thread#6" [stack: 0x000000d4fac00000,0x000000d4fad00000] [id=15816]
  0x00000274d0cf22f0 GCTaskThread "GC Thread#7" [stack: 0x000000d4fad00000,0x000000d4fae00000] [id=15700]
  0x00000274a9f03eb0 ConcurrentGCThread "G1 Main Marker" [stack: 0x000000d4f8e00000,0x000000d4f8f00000] [id=26360]
  0x00000274a9f05940 ConcurrentGCThread "G1 Conc#0" [stack: 0x000000d4f8f00000,0x000000d4f9000000] [id=22616]
  0x00000274a9f6e040 ConcurrentGCThread "G1 Refine#0" [stack: 0x000000d4f9000000,0x000000d4f9100000] [id=24440]
  0x00000274a9f6e970 ConcurrentGCThread "G1 Service" [stack: 0x000000d4f9100000,0x000000d4f9200000] [id=13524]

Threads with active compile tasks:

VM state: not at safepoint (normal execution)

VM Mutex/Monitor currently owned by a thread: None

Heap address: 0x0000000703600000, size: 4042 MB, Compressed Oops mode: Zero based, Oop shift amount: 3

CDS archive(s) mapped at: [0x0000000800000000-0x0000000800bc0000-0x0000000800bc0000), size 12320768, SharedBaseAddress: 0x0000000800000000, ArchiveRelocationMode: 0.
Compressed class space mapped at: 0x0000000800c00000-0x0000000840c00000, reserved size: 1073741824
Narrow klass base: 0x0000000800000000, Narrow klass shift: 0, Narrow klass range: 0x100000000

GC Precious Log:
 CPUs: 8 total, 8 available
 Memory: 16161M
 Large Page Support: Disabled
 NUMA Support: Disabled
 Compressed Oops: Enabled (Zero based)
 Heap Region Size: 2M
 Heap Min Capacity: 8M
 Heap Initial Capacity: 254M
 Heap Max Capacity: 4042M
 Pre-touch: Disabled
 Parallel Workers: 8
 Concurrent Workers: 2
 Concurrent Refinement Workers: 8
 Periodic GC: Disabled

Heap:
 garbage-first heap   total 260096K, used 59678K [0x0000000703600000, 0x0000000800000000)
  region size 2048K, 24 young (49152K), 1 survivors (2048K)
 Metaspace       used 14610K, committed 14784K, reserved 1064960K
  class space    used 1221K, committed 1344K, reserved 1048576K

Heap Regions: E=young(eden), S=young(survivor), O=old, HS=humongous(starts), HC=humongous(continues), CS=collection set, F=free, OA=open archive, CA=closed archive, TAMS=top-at-mark-start (previous, next)
|   0|0x0000000703600000, 0x0000000703800000, 0x0000000703800000|100%|HS|  |TAMS 0x0000000703600000, 0x0000000703600000| Complete 
|   1|0x0000000703800000, 0x0000000703a00000, 0x0000000703a00000|100%|HC|  |TAMS 0x0000000703800000, 0x0000000703800000| Complete 
|   2|0x0000000703a00000, 0x0000000703c00000, 0x0000000703c00000|100%| O|  |TAMS 0x0000000703a00000, 0x0000000703a00000| Untracked 
|   3|0x0000000703c00000, 0x0000000703e00000, 0x0000000703e00000|100%| O|  |TAMS 0x0000000703c00000, 0x0000000703c00000| Untracked 
|   4|0x0000000703e00000, 0x0000000703fe6400, 0x0000000704000000| 94%| O|  |TAMS 0x0000000703e00000, 0x0000000703e00000| Untracked 
|   5|0x0000000704000000, 0x0000000704200000, 0x0000000704200000|100%|HS|  |TAMS 0x0000000704000000, 0x0000000704000000| Complete 
|   6|0x0000000704200000, 0x0000000704400000, 0x0000000704400000|100%|HC|  |TAMS 0x0000000704200000, 0x0000000704200000| Complete 
|   7|0x0000000704400000, 0x0000000704400000, 0x0000000704600000|  0%| F|  |TAMS 0x0000000704400000, 0x0000000704400000| Untracked 
|   8|0x0000000704600000, 0x0000000704600000, 0x0000000704800000|  0%| F|  |TAMS 0x0000000704600000, 0x0000000704600000| Untracked 
|   9|0x0000000704800000, 0x0000000704800000, 0x0000000704a00000|  0%| F|  |TAMS 0x0000000704800000, 0x0000000704800000| Untracked 
|  10|0x0000000704a00000, 0x0000000704a00000, 0x0000000704c00000|  0%| F|  |TAMS 0x0000000704a00000, 0x0000000704a00000| Untracked 
|  11|0x0000000704c00000, 0x0000000704c00000, 0x0000000704e00000|  0%| F|  |TAMS 0x0000000704c00000, 0x0000000704c00000| Untracked 
|  12|0x0000000704e00000, 0x0000000704e00000, 0x0000000705000000|  0%| F|  |TAMS 0x0000000704e00000, 0x0000000704e00000| Untracked 
|  13|0x0000000705000000, 0x0000000705000000, 0x0000000705200000|  0%| F|  |TAMS 0x0000000705000000, 0x0000000705000000| Untracked 
|  14|0x0000000705200000, 0x0000000705200000, 0x0000000705400000|  0%| F|  |TAMS 0x0000000705200000, 0x0000000705200000| Untracked 
|  15|0x0000000705400000, 0x0000000705400000, 0x0000000705600000|  0%| F|  |TAMS 0x0000000705400000, 0x0000000705400000| Untracked 
|  16|0x0000000705600000, 0x0000000705600000, 0x0000000705800000|  0%| F|  |TAMS 0x0000000705600000, 0x0000000705600000| Untracked 
|  17|0x0000000705800000, 0x0000000705800000, 0x0000000705a00000|  0%| F|  |TAMS 0x0000000705800000, 0x0000000705800000| Untracked 
|  18|0x0000000705a00000, 0x0000000705a00000, 0x0000000705c00000|  0%| F|  |TAMS 0x0000000705a00000, 0x0000000705a00000| Untracked 
|  19|0x0000000705c00000, 0x0000000705c00000, 0x0000000705e00000|  0%| F|  |TAMS 0x0000000705c00000, 0x0000000705c00000| Untracked 
|  20|0x0000000705e00000, 0x0000000705e00000, 0x0000000706000000|  0%| F|  |TAMS 0x0000000705e00000, 0x0000000705e00000| Untracked 
|  21|0x0000000706000000, 0x0000000706000000, 0x0000000706200000|  0%| F|  |TAMS 0x0000000706000000, 0x0000000706000000| Untracked 
|  22|0x0000000706200000, 0x0000000706200000, 0x0000000706400000|  0%| F|  |TAMS 0x0000000706200000, 0x0000000706200000| Untracked 
|  23|0x0000000706400000, 0x0000000706400000, 0x0000000706600000|  0%| F|  |TAMS 0x0000000706400000, 0x0000000706400000| Untracked 
|  24|0x0000000706600000, 0x0000000706600000, 0x0000000706800000|  0%| F|  |TAMS 0x0000000706600000, 0x0000000706600000| Untracked 
|  25|0x0000000706800000, 0x0000000706800000, 0x0000000706a00000|  0%| F|  |TAMS 0x0000000706800000, 0x0000000706800000| Untracked 
|  26|0x0000000706a00000, 0x0000000706a00000, 0x0000000706c00000|  0%| F|  |TAMS 0x0000000706a00000, 0x0000000706a00000| Untracked 
|  27|0x0000000706c00000, 0x0000000706c00000, 0x0000000706e00000|  0%| F|  |TAMS 0x0000000706c00000, 0x0000000706c00000| Untracked 
|  28|0x0000000706e00000, 0x0000000706e00000, 0x0000000707000000|  0%| F|  |TAMS 0x0000000706e00000, 0x0000000706e00000| Untracked 
|  29|0x0000000707000000, 0x0000000707000000, 0x0000000707200000|  0%| F|  |TAMS 0x0000000707000000, 0x0000000707000000| Untracked 
|  30|0x0000000707200000, 0x0000000707200000, 0x0000000707400000|  0%| F|  |TAMS 0x0000000707200000, 0x0000000707200000| Untracked 
|  31|0x0000000707400000, 0x0000000707400000, 0x0000000707600000|  0%| F|  |TAMS 0x0000000707400000, 0x0000000707400000| Untracked 
|  32|0x0000000707600000, 0x0000000707600000, 0x0000000707800000|  0%| F|  |TAMS 0x0000000707600000, 0x0000000707600000| Untracked 
|  33|0x0000000707800000, 0x0000000707800000, 0x0000000707a00000|  0%| F|  |TAMS 0x0000000707800000, 0x0000000707800000| Untracked 
|  34|0x0000000707a00000, 0x0000000707a00000, 0x0000000707c00000|  0%| F|  |TAMS 0x0000000707a00000, 0x0000000707a00000| Untracked 
|  35|0x0000000707c00000, 0x0000000707c00000, 0x0000000707e00000|  0%| F|  |TAMS 0x0000000707c00000, 0x0000000707c00000| Untracked 
|  36|0x0000000707e00000, 0x0000000707e00000, 0x0000000708000000|  0%| F|  |TAMS 0x0000000707e00000, 0x0000000707e00000| Untracked 
|  37|0x0000000708000000, 0x0000000708000000, 0x0000000708200000|  0%| F|  |TAMS 0x0000000708000000, 0x0000000708000000| Untracked 
|  38|0x0000000708200000, 0x0000000708200000, 0x0000000708400000|  0%| F|  |TAMS 0x0000000708200000, 0x0000000708200000| Untracked 
|  39|0x0000000708400000, 0x0000000708400000, 0x0000000708600000|  0%| F|  |TAMS 0x0000000708400000, 0x0000000708400000| Untracked 
|  40|0x0000000708600000, 0x0000000708600000, 0x0000000708800000|  0%| F|  |TAMS 0x0000000708600000, 0x0000000708600000| Untracked 
|  41|0x0000000708800000, 0x0000000708800000, 0x0000000708a00000|  0%| F|  |TAMS 0x0000000708800000, 0x0000000708800000| Untracked 
|  42|0x0000000708a00000, 0x0000000708a00000, 0x0000000708c00000|  0%| F|  |TAMS 0x0000000708a00000, 0x0000000708a00000| Untracked 
|  43|0x0000000708c00000, 0x0000000708c00000, 0x0000000708e00000|  0%| F|  |TAMS 0x0000000708c00000, 0x0000000708c00000| Untracked 
|  44|0x0000000708e00000, 0x0000000708e00000, 0x0000000709000000|  0%| F|  |TAMS 0x0000000708e00000, 0x0000000708e00000| Untracked 
|  45|0x0000000709000000, 0x0000000709000000, 0x0000000709200000|  0%| F|  |TAMS 0x0000000709000000, 0x0000000709000000| Untracked 
|  46|0x0000000709200000, 0x0000000709200000, 0x0000000709400000|  0%| F|  |TAMS 0x0000000709200000, 0x0000000709200000| Untracked 
|  47|0x0000000709400000, 0x0000000709400000, 0x0000000709600000|  0%| F|  |TAMS 0x0000000709400000, 0x0000000709400000| Untracked 
|  48|0x0000000709600000, 0x0000000709600000, 0x0000000709800000|  0%| F|  |TAMS 0x0000000709600000, 0x0000000709600000| Untracked 
|  49|0x0000000709800000, 0x0000000709800000, 0x0000000709a00000|  0%| F|  |TAMS 0x0000000709800000, 0x0000000709800000| Untracked 
|  50|0x0000000709a00000, 0x0000000709a00000, 0x0000000709c00000|  0%| F|  |TAMS 0x0000000709a00000, 0x0000000709a00000| Untracked 
|  51|0x0000000709c00000, 0x0000000709c61510, 0x0000000709e00000| 19%| S|CS|TAMS 0x0000000709c00000, 0x0000000709c00000| Complete 
|  52|0x0000000709e00000, 0x0000000709e00000, 0x000000070a000000|  0%| F|  |TAMS 0x0000000709e00000, 0x0000000709e00000| Untracked 
|  53|0x000000070a000000, 0x000000070a000000, 0x000000070a200000|  0%| F|  |TAMS 0x000000070a000000, 0x000000070a000000| Untracked 
|  54|0x000000070a200000, 0x000000070a200000, 0x000000070a400000|  0%| F|  |TAMS 0x000000070a200000, 0x000000070a200000| Untracked 
|  55|0x000000070a400000, 0x000000070a400000, 0x000000070a600000|  0%| F|  |TAMS 0x000000070a400000, 0x000000070a400000| Untracked 
|  56|0x000000070a600000, 0x000000070a600000, 0x000000070a800000|  0%| F|  |TAMS 0x000000070a600000, 0x000000070a600000| Untracked 
|  57|0x000000070a800000, 0x000000070a800000, 0x000000070aa00000|  0%| F|  |TAMS 0x000000070a800000, 0x000000070a800000| Untracked 
|  58|0x000000070aa00000, 0x000000070aa00000, 0x000000070ac00000|  0%| F|  |TAMS 0x000000070aa00000, 0x000000070aa00000| Untracked 
|  59|0x000000070ac00000, 0x000000070ac00000, 0x000000070ae00000|  0%| F|  |TAMS 0x000000070ac00000, 0x000000070ac00000| Untracked 
|  60|0x000000070ae00000, 0x000000070ae00000, 0x000000070b000000|  0%| F|  |TAMS 0x000000070ae00000, 0x000000070ae00000| Untracked 
|  61|0x000000070b000000, 0x000000070b000000, 0x000000070b200000|  0%| F|  |TAMS 0x000000070b000000, 0x000000070b000000| Untracked 
|  62|0x000000070b200000, 0x000000070b200000, 0x000000070b400000|  0%| F|  |TAMS 0x000000070b200000, 0x000000070b200000| Untracked 
|  63|0x000000070b400000, 0x000000070b400000, 0x000000070b600000|  0%| F|  |TAMS 0x000000070b400000, 0x000000070b400000| Untracked 
|  64|0x000000070b600000, 0x000000070b600000, 0x000000070b800000|  0%| F|  |TAMS 0x000000070b600000, 0x000000070b600000| Untracked 
|  65|0x000000070b800000, 0x000000070b800000, 0x000000070ba00000|  0%| F|  |TAMS 0x000000070b800000, 0x000000070b800000| Untracked 
|  66|0x000000070ba00000, 0x000000070ba00000, 0x000000070bc00000|  0%| F|  |TAMS 0x000000070ba00000, 0x000000070ba00000| Untracked 
|  67|0x000000070bc00000, 0x000000070bc00000, 0x000000070be00000|  0%| F|  |TAMS 0x000000070bc00000, 0x000000070bc00000| Untracked 
|  68|0x000000070be00000, 0x000000070be00000, 0x000000070c000000|  0%| F|  |TAMS 0x000000070be00000, 0x000000070be00000| Untracked 
|  69|0x000000070c000000, 0x000000070c000000, 0x000000070c200000|  0%| F|  |TAMS 0x000000070c000000, 0x000000070c000000| Untracked 
|  70|0x000000070c200000, 0x000000070c200000, 0x000000070c400000|  0%| F|  |TAMS 0x000000070c200000, 0x000000070c200000| Untracked 
|  71|0x000000070c400000, 0x000000070c400000, 0x000000070c600000|  0%| F|  |TAMS 0x000000070c400000, 0x000000070c400000| Untracked 
|  72|0x000000070c600000, 0x000000070c600000, 0x000000070c800000|  0%| F|  |TAMS 0x000000070c600000, 0x000000070c600000| Untracked 
|  73|0x000000070c800000, 0x000000070c800000, 0x000000070ca00000|  0%| F|  |TAMS 0x000000070c800000, 0x000000070c800000| Untracked 
|  74|0x000000070ca00000, 0x000000070ca00000, 0x000000070cc00000|  0%| F|  |TAMS 0x000000070ca00000, 0x000000070ca00000| Untracked 
|  75|0x000000070cc00000, 0x000000070cc00000, 0x000000070ce00000|  0%| F|  |TAMS 0x000000070cc00000, 0x000000070cc00000| Untracked 
|  76|0x000000070ce00000, 0x000000070ce00000, 0x000000070d000000|  0%| F|  |TAMS 0x000000070ce00000, 0x000000070ce00000| Untracked 
|  77|0x000000070d000000, 0x000000070d000000, 0x000000070d200000|  0%| F|  |TAMS 0x000000070d000000, 0x000000070d000000| Untracked 
|  78|0x000000070d200000, 0x000000070d200000, 0x000000070d400000|  0%| F|  |TAMS 0x000000070d200000, 0x000000070d200000| Untracked 
|  79|0x000000070d400000, 0x000000070d400000, 0x000000070d600000|  0%| F|  |TAMS 0x000000070d400000, 0x000000070d400000| Untracked 
|  80|0x000000070d600000, 0x000000070d600000, 0x000000070d800000|  0%| F|  |TAMS 0x000000070d600000, 0x000000070d600000| Untracked 
|  81|0x000000070d800000, 0x000000070d800000, 0x000000070da00000|  0%| F|  |TAMS 0x000000070d800000, 0x000000070d800000| Untracked 
|  82|0x000000070da00000, 0x000000070da00000, 0x000000070dc00000|  0%| F|  |TAMS 0x000000070da00000, 0x000000070da00000| Untracked 
|  83|0x000000070dc00000, 0x000000070dc00000, 0x000000070de00000|  0%| F|  |TAMS 0x000000070dc00000, 0x000000070dc00000| Untracked 
|  84|0x000000070de00000, 0x000000070de00000, 0x000000070e000000|  0%| F|  |TAMS 0x000000070de00000, 0x000000070de00000| Untracked 
|  85|0x000000070e000000, 0x000000070e000000, 0x000000070e200000|  0%| F|  |TAMS 0x000000070e000000, 0x000000070e000000| Untracked 
|  86|0x000000070e200000, 0x000000070e200000, 0x000000070e400000|  0%| F|  |TAMS 0x000000070e200000, 0x000000070e200000| Untracked 
|  87|0x000000070e400000, 0x000000070e400000, 0x000000070e600000|  0%| F|  |TAMS 0x000000070e400000, 0x000000070e400000| Untracked 
|  88|0x000000070e600000, 0x000000070e600000, 0x000000070e800000|  0%| F|  |TAMS 0x000000070e600000, 0x000000070e600000| Untracked 
|  89|0x000000070e800000, 0x000000070e800000, 0x000000070ea00000|  0%| F|  |TAMS 0x000000070e800000, 0x000000070e800000| Untracked 
|  90|0x000000070ea00000, 0x000000070ea00000, 0x000000070ec00000|  0%| F|  |TAMS 0x000000070ea00000, 0x000000070ea00000| Untracked 
|  91|0x000000070ec00000, 0x000000070ec00000, 0x000000070ee00000|  0%| F|  |TAMS 0x000000070ec00000, 0x000000070ec00000| Untracked 
|  92|0x000000070ee00000, 0x000000070ee00000, 0x000000070f000000|  0%| F|  |TAMS 0x000000070ee00000, 0x000000070ee00000| Untracked 
|  93|0x000000070f000000, 0x000000070f000000, 0x000000070f200000|  0%| F|  |TAMS 0x000000070f000000, 0x000000070f000000| Untracked 
|  94|0x000000070f200000, 0x000000070f200000, 0x000000070f400000|  0%| F|  |TAMS 0x000000070f200000, 0x000000070f200000| Untracked 
|  95|0x000000070f400000, 0x000000070f400000, 0x000000070f600000|  0%| F|  |TAMS 0x000000070f400000, 0x000000070f400000| Untracked 
|  96|0x000000070f600000, 0x000000070f600000, 0x000000070f800000|  0%| F|  |TAMS 0x000000070f600000, 0x000000070f600000| Untracked 
|  97|0x000000070f800000, 0x000000070f800000, 0x000000070fa00000|  0%| F|  |TAMS 0x000000070f800000, 0x000000070f800000| Untracked 
|  98|0x000000070fa00000, 0x000000070fa00000, 0x000000070fc00000|  0%| F|  |TAMS 0x000000070fa00000, 0x000000070fa00000| Untracked 
|  99|0x000000070fc00000, 0x000000070fc00000, 0x000000070fe00000|  0%| F|  |TAMS 0x000000070fc00000, 0x000000070fc00000| Untracked 
| 100|0x000000070fe00000, 0x000000070fe00000, 0x0000000710000000|  0%| F|  |TAMS 0x000000070fe00000, 0x000000070fe00000| Untracked 
| 101|0x0000000710000000, 0x0000000710000000, 0x0000000710200000|  0%| F|  |TAMS 0x0000000710000000, 0x0000000710000000| Untracked 
| 102|0x0000000710200000, 0x0000000710200000, 0x0000000710400000|  0%| F|  |TAMS 0x0000000710200000, 0x0000000710200000| Untracked 
| 103|0x0000000710400000, 0x0000000710400000, 0x0000000710600000|  0%| F|  |TAMS 0x0000000710400000, 0x0000000710400000| Untracked 
| 104|0x0000000710600000, 0x0000000710800000, 0x0000000710800000|100%| E|  |TAMS 0x0000000710600000, 0x0000000710600000| Complete 
| 105|0x0000000710800000, 0x0000000710a00000, 0x0000000710a00000|100%| E|CS|TAMS 0x0000000710800000, 0x0000000710800000| Complete 
| 106|0x0000000710a00000, 0x0000000710c00000, 0x0000000710c00000|100%| E|CS|TAMS 0x0000000710a00000, 0x0000000710a00000| Complete 
| 107|0x0000000710c00000, 0x0000000710e00000, 0x0000000710e00000|100%| E|CS|TAMS 0x0000000710c00000, 0x0000000710c00000| Complete 
| 108|0x0000000710e00000, 0x0000000711000000, 0x0000000711000000|100%| E|CS|TAMS 0x0000000710e00000, 0x0000000710e00000| Complete 
| 109|0x0000000711000000, 0x0000000711200000, 0x0000000711200000|100%| E|CS|TAMS 0x0000000711000000, 0x0000000711000000| Complete 
| 110|0x0000000711200000, 0x0000000711400000, 0x0000000711400000|100%| E|CS|TAMS 0x0000000711200000, 0x0000000711200000| Complete 
| 111|0x0000000711400000, 0x0000000711600000, 0x0000000711600000|100%| E|CS|TAMS 0x0000000711400000, 0x0000000711400000| Complete 
| 112|0x0000000711600000, 0x0000000711800000, 0x0000000711800000|100%| E|CS|TAMS 0x0000000711600000, 0x0000000711600000| Complete 
| 113|0x0000000711800000, 0x0000000711a00000, 0x0000000711a00000|100%| E|CS|TAMS 0x0000000711800000, 0x0000000711800000| Complete 
| 114|0x0000000711a00000, 0x0000000711c00000, 0x0000000711c00000|100%| E|CS|TAMS 0x0000000711a00000, 0x0000000711a00000| Complete 
| 115|0x0000000711c00000, 0x0000000711e00000, 0x0000000711e00000|100%| E|CS|TAMS 0x0000000711c00000, 0x0000000711c00000| Complete 
| 116|0x0000000711e00000, 0x0000000712000000, 0x0000000712000000|100%| E|CS|TAMS 0x0000000711e00000, 0x0000000711e00000| Complete 
| 117|0x0000000712000000, 0x0000000712200000, 0x0000000712200000|100%| E|CS|TAMS 0x0000000712000000, 0x0000000712000000| Complete 
| 118|0x0000000712200000, 0x0000000712400000, 0x0000000712400000|100%| E|CS|TAMS 0x0000000712200000, 0x0000000712200000| Complete 
| 119|0x0000000712400000, 0x0000000712600000, 0x0000000712600000|100%| E|CS|TAMS 0x0000000712400000, 0x0000000712400000| Complete 
| 120|0x0000000712600000, 0x0000000712800000, 0x0000000712800000|100%| E|CS|TAMS 0x0000000712600000, 0x0000000712600000| Complete 
| 121|0x0000000712800000, 0x0000000712a00000, 0x0000000712a00000|100%| E|CS|TAMS 0x0000000712800000, 0x0000000712800000| Complete 
| 122|0x0000000712a00000, 0x0000000712c00000, 0x0000000712c00000|100%| E|CS|TAMS 0x0000000712a00000, 0x0000000712a00000| Complete 
| 123|0x0000000712c00000, 0x0000000712e00000, 0x0000000712e00000|100%| E|CS|TAMS 0x0000000712c00000, 0x0000000712c00000| Complete 
| 124|0x0000000712e00000, 0x0000000713000000, 0x0000000713000000|100%| E|CS|TAMS 0x0000000712e00000, 0x0000000712e00000| Complete 
| 125|0x0000000713000000, 0x0000000713200000, 0x0000000713200000|100%| E|CS|TAMS 0x0000000713000000, 0x0000000713000000| Complete 
| 126|0x0000000713200000, 0x0000000713400000, 0x0000000713400000|100%| E|CS|TAMS 0x0000000713200000, 0x0000000713200000| Complete 

Card table byte_map: [0x00000274c11b0000,0x00000274c19a0000] _byte_map_base: 0x00000274bd995000

Marking Bits (Prev, Next): (CMBitMap*) 0x00000274a9ef3180, (CMBitMap*) 0x00000274a9ef31c0
 Prev Bits: [0x00000274c2190000, 0x00000274c60b8000)
 Next Bits: [0x00000274c60c0000, 0x00000274c9fe8000)

Polling page: 0x00000274a9670000

Metaspace:

Usage:
  Non-class:     13.07 MB used.
      Class:      1.19 MB used.
       Both:     14.27 MB used.

Virtual space:
  Non-class space:       16.00 MB reserved,      13.12 MB ( 82%) committed,  2 nodes.
      Class space:        1.00 GB reserved,       1.31 MB ( <1%) committed,  1 nodes.
             Both:        1.02 GB reserved,      14.44 MB (  1%) committed. 

Chunk freelists:
   Non-Class:  2.31 MB
       Class:  2.67 MB
        Both:  4.98 MB

MaxMetaspaceSize: unlimited
CompressedClassSpaceSize: 1.00 GB
Initial GC threshold: 21.00 MB
Current GC threshold: 21.00 MB
CDS: on
MetaspaceReclaimPolicy: balanced
 - commit_granule_bytes: 65536.
 - commit_granule_words: 8192.
 - virtual_space_node_default_size: 1048576.
 - enlarge_chunks_in_place: 1.
 - new_chunks_are_fully_committed: 0.
 - uncommit_free_chunks: 1.
 - use_allocation_guard: 0.
 - handle_deallocations: 1.


Internal statistics:

num_allocs_failed_limit: 0.
num_arena_births: 134.
num_arena_deaths: 0.
num_vsnodes_births: 3.
num_vsnodes_deaths: 0.
num_space_committed: 227.
num_space_uncommitted: 0.
num_chunks_returned_to_freelist: 0.
num_chunks_taken_from_freelist: 351.
num_chunk_merges: 0.
num_chunk_splits: 260.
num_chunks_enlarged: 197.
num_purges: 0.
num_inconsistent_stats: 0.

CodeHeap 'non-profiled nmethods': size=120000Kb used=1997Kb max_used=1997Kb free=118002Kb
 bounds [0x00000274b9160000, 0x00000274b93d0000, 0x00000274c0690000]
CodeHeap 'profiled nmethods': size=120000Kb used=4930Kb max_used=4930Kb free=115069Kb
 bounds [0x00000274b1c30000, 0x00000274b2110000, 0x00000274b9160000]
CodeHeap 'non-nmethods': size=5760Kb used=1559Kb max_used=1620Kb free=4200Kb
 bounds [0x00000274b1690000, 0x00000274b1900000, 0x00000274b1c30000]
 total_blobs=3363 nmethods=2405 adapters=871
 compilation: enabled
              stopped_count=0, restarted_count=0
 full_count=0

Compilation events (20 events):
Event: 816.453 Thread 0x00000274cd4125e0 2396  s    3       sun.java2d.loops.GraphicsPrimitiveMgr::locatePrim (95 bytes)
Event: 816.455 Thread 0x00000274cd4063d0 2397       4       sun.java2d.loops.GraphicsPrimitiveMgr::locate (104 bytes)
Event: 816.458 Thread 0x00000274cd4125e0 nmethod 2396 0x00000274b20fdd10 code [0x00000274b20fdf20, 0x00000274b20fe788]
Event: 816.474 Thread 0x00000274cd4063d0 nmethod 2397 0x00000274b9351510 code [0x00000274b93516a0, 0x00000274b93518d8]
Event: 816.474 Thread 0x00000274cd4063d0 2398       4       java.util.Arrays::binarySearch (10 bytes)
Event: 816.477 Thread 0x00000274cd4063d0 nmethod 2398 0x00000274b9351b90 code [0x00000274b9351d20, 0x00000274b9351f38]
Event: 816.660 Thread 0x00000274cd4063d0 2399       4       java.lang.invoke.Invokers$Holder::linkToTargetMethod (9 bytes)
Event: 816.662 Thread 0x00000274cd4063d0 nmethod 2399 0x00000274b9352190 code [0x00000274b9352320, 0x00000274b93523f8]
Event: 816.758 Thread 0x00000274cd4125e0 2400       1       java.awt.Color::getRGB (5 bytes)
Event: 816.758 Thread 0x00000274cd4125e0 nmethod 2400 0x00000274b9352510 code [0x00000274b93526a0, 0x00000274b9352778]
Event: 836.995 Thread 0x00000274cd4125e0 2401       3       java.util.IdentityHashMap$IdentityHashMapIterator::nextIndex (72 bytes)
Event: 836.997 Thread 0x00000274cd4125e0 nmethod 2401 0x00000274b20feb90 code [0x00000274b20fed60, 0x00000274b20ff0e8]
Event: 837.038 Thread 0x00000274cd4125e0 2402       3       java.beans.PropertyChangeSupport::firePropertyChange (35 bytes)
Event: 837.040 Thread 0x00000274cd4125e0 nmethod 2402 0x00000274b20ff290 code [0x00000274b20ff480, 0x00000274b20ffc48]
Event: 837.040 Thread 0x00000274cd4125e0 2403   !   3       java.awt.Toolkit::setDesktopProperty (81 bytes)
Event: 837.042 Thread 0x00000274cd4125e0 nmethod 2403 0x00000274b20ffe90 code [0x00000274b21000a0, 0x00000274b2100908]
Event: 837.116 Thread 0x00000274cd4063d0 2404       4       java.lang.StringLatin1::compareTo (52 bytes)
Event: 837.127 Thread 0x00000274cd4063d0 nmethod 2404 0x00000274b9352810 code [0x00000274b9352980, 0x00000274b9352b58]
Event: 840.268 Thread 0x00000274cd4063d0 2405   !   4       sun.awt.AWTAutoShutdown::setToolkitBusy (124 bytes)
Event: 840.278 Thread 0x00000274cd4063d0 nmethod 2405 0x00000274b9352c10 code [0x00000274b9352da0, 0x00000274b93532b8]

GC Heap History (20 events):
Event: 803.288 GC heap before
{Heap before GC invocations=271 (full 0):
 garbage-first heap   total 260096K, used 168514K [0x0000000703600000, 0x0000000800000000)
  region size 2048K, 76 young (155648K), 1 survivors (2048K)
 Metaspace       used 14604K, committed 14784K, reserved 1064960K
  class space    used 1221K, committed 1344K, reserved 1048576K
}
Event: 803.290 GC heap after
{Heap after GC invocations=272 (full 0):
 garbage-first heap   total 260096K, used 14859K [0x0000000703600000, 0x0000000800000000)
  region size 2048K, 1 young (2048K), 1 survivors (2048K)
 Metaspace       used 14604K, committed 14784K, reserved 1064960K
  class space    used 1221K, committed 1344K, reserved 1048576K
}
Event: 807.020 GC heap before
{Heap before GC invocations=272 (full 0):
 garbage-first heap   total 260096K, used 168459K [0x0000000703600000, 0x0000000800000000)
  region size 2048K, 76 young (155648K), 1 survivors (2048K)
 Metaspace       used 14604K, committed 14784K, reserved 1064960K
  class space    used 1221K, committed 1344K, reserved 1048576K
}
Event: 807.021 GC heap after
{Heap after GC invocations=273 (full 0):
 garbage-first heap   total 260096K, used 14885K [0x0000000703600000, 0x0000000800000000)
  region size 2048K, 1 young (2048K), 1 survivors (2048K)
 Metaspace       used 14604K, committed 14784K, reserved 1064960K
  class space    used 1221K, committed 1344K, reserved 1048576K
}
Event: 810.684 GC heap before
{Heap before GC invocations=273 (full 0):
 garbage-first heap   total 260096K, used 168485K [0x0000000703600000, 0x0000000800000000)
  region size 2048K, 76 young (155648K), 1 survivors (2048K)
 Metaspace       used 14604K, committed 14784K, reserved 1064960K
  class space    used 1221K, committed 1344K, reserved 1048576K
}
Event: 810.685 GC heap after
{Heap after GC invocations=274 (full 0):
 garbage-first heap   total 260096K, used 14874K [0x0000000703600000, 0x0000000800000000)
  region size 2048K, 1 young (2048K), 1 survivors (2048K)
 Metaspace       used 14604K, committed 14784K, reserved 1064960K
  class space    used 1221K, committed 1344K, reserved 1048576K
}
Event: 820.955 GC heap before
{Heap before GC invocations=274 (full 0):
 garbage-first heap   total 260096K, used 168474K [0x0000000703600000, 0x0000000800000000)
  region size 2048K, 76 young (155648K), 1 survivors (2048K)
 Metaspace       used 14607K, committed 14784K, reserved 1064960K
  class space    used 1221K, committed 1344K, reserved 1048576K
}
Event: 820.958 GC heap after
{Heap after GC invocations=275 (full 0):
 garbage-first heap   total 260096K, used 14791K [0x0000000703600000, 0x0000000800000000)
  region size 2048K, 1 young (2048K), 1 survivors (2048K)
 Metaspace       used 14607K, committed 14784K, reserved 1064960K
  class space    used 1221K, committed 1344K, reserved 1048576K
}
Event: 824.649 GC heap before
{Heap before GC invocations=275 (full 0):
 garbage-first heap   total 260096K, used 168391K [0x0000000703600000, 0x0000000800000000)
  region size 2048K, 76 young (155648K), 1 survivors (2048K)
 Metaspace       used 14607K, committed 14784K, reserved 1064960K
  class space    used 1221K, committed 1344K, reserved 1048576K
}
Event: 824.652 GC heap after
{Heap after GC invocations=276 (full 0):
 garbage-first heap   total 260096K, used 14794K [0x0000000703600000, 0x0000000800000000)
  region size 2048K, 1 young (2048K), 1 survivors (2048K)
 Metaspace       used 14607K, committed 14784K, reserved 1064960K
  class space    used 1221K, committed 1344K, reserved 1048576K
}
Event: 828.987 GC heap before
{Heap before GC invocations=276 (full 0):
 garbage-first heap   total 260096K, used 168394K [0x0000000703600000, 0x0000000800000000)
  region size 2048K, 76 young (155648K), 1 survivors (2048K)
 Metaspace       used 14607K, committed 14784K, reserved 1064960K
  class space    used 1221K, committed 1344K, reserved 1048576K
}
Event: 828.988 GC heap after
{Heap after GC invocations=277 (full 0):
 garbage-first heap   total 260096K, used 14784K [0x0000000703600000, 0x0000000800000000)
  region size 2048K, 1 young (2048K), 1 survivors (2048K)
 Metaspace       used 14607K, committed 14784K, reserved 1064960K
  class space    used 1221K, committed 1344K, reserved 1048576K
}
Event: 840.129 GC heap before
{Heap before GC invocations=277 (full 0):
 garbage-first heap   total 260096K, used 168384K [0x0000000703600000, 0x0000000800000000)
  region size 2048K, 76 young (155648K), 1 survivors (2048K)
 Metaspace       used 14610K, committed 14784K, reserved 1064960K
  class space    used 1221K, committed 1344K, reserved 1048576K
}
Event: 840.142 GC heap after
{Heap after GC invocations=278 (full 0):
 garbage-first heap   total 260096K, used 14666K [0x0000000703600000, 0x0000000800000000)
  region size 2048K, 1 young (2048K), 1 survivors (2048K)
 Metaspace       used 14610K, committed 14784K, reserved 1064960K
  class space    used 1221K, committed 1344K, reserved 1048576K
}
Event: 844.498 GC heap before
{Heap before GC invocations=278 (full 0):
 garbage-first heap   total 260096K, used 168266K [0x0000000703600000, 0x0000000800000000)
  region size 2048K, 76 young (155648K), 1 survivors (2048K)
 Metaspace       used 14610K, committed 14784K, reserved 1064960K
  class space    used 1221K, committed 1344K, reserved 1048576K
}
Event: 844.500 GC heap after
{Heap after GC invocations=279 (full 0):
 garbage-first heap   total 260096K, used 14682K [0x0000000703600000, 0x0000000800000000)
  region size 2048K, 1 young (2048K), 1 survivors (2048K)
 Metaspace       used 14610K, committed 14784K, reserved 1064960K
  class space    used 1221K, committed 1344K, reserved 1048576K
}
Event: 852.977 GC heap before
{Heap before GC invocations=279 (full 0):
 garbage-first heap   total 260096K, used 168282K [0x0000000703600000, 0x0000000800000000)
  region size 2048K, 76 young (155648K), 1 survivors (2048K)
 Metaspace       used 14610K, committed 14784K, reserved 1064960K
  class space    used 1221K, committed 1344K, reserved 1048576K
}
Event: 852.978 GC heap after
{Heap after GC invocations=280 (full 0):
 garbage-first heap   total 260096K, used 14661K [0x0000000703600000, 0x0000000800000000)
  region size 2048K, 1 young (2048K), 1 survivors (2048K)
 Metaspace       used 14610K, committed 14784K, reserved 1064960K
  class space    used 1221K, committed 1344K, reserved 1048576K
}
Event: 864.168 GC heap before
{Heap before GC invocations=280 (full 0):
 garbage-first heap   total 260096K, used 168261K [0x0000000703600000, 0x0000000800000000)
  region size 2048K, 76 young (155648K), 1 survivors (2048K)
 Metaspace       used 14610K, committed 14784K, reserved 1064960K
  class space    used 1221K, committed 1344K, reserved 1048576K
}
Event: 864.169 GC heap after
{Heap after GC invocations=281 (full 0):
 garbage-first heap   total 260096K, used 14622K [0x0000000703600000, 0x0000000800000000)
  region size 2048K, 1 young (2048K), 1 survivors (2048K)
 Metaspace       used 14610K, committed 14784K, reserved 1064960K
  class space    used 1221K, committed 1344K, reserved 1048576K
}

Deoptimization events (20 events):
Event: 794.099 Thread 0x00000274cd402f50 Uncommon trap: trap_request=0xffffff66 fr.pc=0x00000274b92a9cec relative=0x000000000000004c
Event: 794.099 Thread 0x00000274cd402f50 Uncommon trap: reason=speculate_class_check action=maybe_recompile pc=0x00000274b92a9cec method=java.lang.invoke.Invokers$Holder.linkToTargetMethod(Ljava/lang/Object;Ljava/lang/Object;)Ljava/lang/Object; @ 1 c2
Event: 794.099 Thread 0x00000274cd402f50 DEOPT PACKING pc=0x00000274b92a9cec sp=0x000000d4faffefa0
Event: 794.100 Thread 0x00000274cd402f50 DEOPT UNPACKING pc=0x00000274b16e5c23 sp=0x000000d4faffef30 mode 2
Event: 816.739 Thread 0x00000274cd4020e0 Uncommon trap: trap_request=0xffffffde fr.pc=0x00000274b93071f8 relative=0x0000000000000058
Event: 816.739 Thread 0x00000274cd4020e0 Uncommon trap: reason=class_check action=maybe_recompile pc=0x00000274b93071f8 method=java.lang.invoke.Invokers$Holder.linkToTargetMethod(Ljava/lang/Object;Ljava/lang/Object;Ljava/lang/Object;)Ljava/lang/Object; @ 1 c2
Event: 816.739 Thread 0x00000274cd4020e0 DEOPT PACKING pc=0x00000274b93071f8 sp=0x000000d4fa2fe3e0
Event: 816.739 Thread 0x00000274cd4020e0 DEOPT UNPACKING pc=0x00000274b16e5c23 sp=0x000000d4fa2fe368 mode 2
Event: 837.031 Thread 0x00000274cd4020e0 Uncommon trap: trap_request=0xffffffde fr.pc=0x00000274b93071f8 relative=0x0000000000000058
Event: 837.031 Thread 0x00000274cd4020e0 Uncommon trap: reason=class_check action=maybe_recompile pc=0x00000274b93071f8 method=java.lang.invoke.Invokers$Holder.linkToTargetMethod(Ljava/lang/Object;Ljava/lang/Object;Ljava/lang/Object;)Ljava/lang/Object; @ 1 c2
Event: 837.031 Thread 0x00000274cd4020e0 DEOPT PACKING pc=0x00000274b93071f8 sp=0x000000d4fa2fe3e0
Event: 837.031 Thread 0x00000274cd4020e0 DEOPT UNPACKING pc=0x00000274b16e5c23 sp=0x000000d4fa2fe368 mode 2
Event: 837.082 Thread 0x00000274cd4020e0 Uncommon trap: trap_request=0xffffffde fr.pc=0x00000274b93071f8 relative=0x0000000000000058
Event: 837.082 Thread 0x00000274cd4020e0 Uncommon trap: reason=class_check action=maybe_recompile pc=0x00000274b93071f8 method=java.lang.invoke.Invokers$Holder.linkToTargetMethod(Ljava/lang/Object;Ljava/lang/Object;Ljava/lang/Object;)Ljava/lang/Object; @ 1 c2
Event: 837.082 Thread 0x00000274cd4020e0 DEOPT PACKING pc=0x00000274b93071f8 sp=0x000000d4fa2fe3e0
Event: 837.082 Thread 0x00000274cd4020e0 DEOPT UNPACKING pc=0x00000274b16e5c23 sp=0x000000d4fa2fe368 mode 2
Event: 837.117 Thread 0x00000274cd4020e0 Uncommon trap: trap_request=0xffffffde fr.pc=0x00000274b93071f8 relative=0x0000000000000058
Event: 837.117 Thread 0x00000274cd4020e0 Uncommon trap: reason=class_check action=maybe_recompile pc=0x00000274b93071f8 method=java.lang.invoke.Invokers$Holder.linkToTargetMethod(Ljava/lang/Object;Ljava/lang/Object;Ljava/lang/Object;)Ljava/lang/Object; @ 1 c2
Event: 837.117 Thread 0x00000274cd4020e0 DEOPT PACKING pc=0x00000274b93071f8 sp=0x000000d4fa2fe3e0
Event: 837.117 Thread 0x00000274cd4020e0 DEOPT UNPACKING pc=0x00000274b16e5c23 sp=0x000000d4fa2fe368 mode 2

Classes unloaded (0 events):
No events

Classes redefined (0 events):
No events

Internal exceptions (20 events):
Event: 3.697 Thread 0x00000274a9ea8b60 Exception <a 'java/lang/NoSuchMethodError'{0x0000000712db7560}: 'java.lang.Object java.lang.invoke.DirectMethodHandle$Holder.invokeStaticInit(java.lang.Object, java.lang.Object, int, int, int, int)'> (0x0000000712db7560) 
thrown [t:\workspace\open\src\hotspot\share\interpreter\linkResolver.cpp, line 766]
Event: 3.722 Thread 0x00000274a9ea8b60 Exception <a 'java/lang/NoSuchMethodError'{0x0000000712dc2f20}: 'void java.lang.invoke.DirectMethodHandle$Holder.invokeStatic(java.lang.Object, long)'> (0x0000000712dc2f20) 
thrown [t:\workspace\open\src\hotspot\share\interpreter\linkResolver.cpp, line 766]
Event: 3.723 Thread 0x00000274a9ea8b60 Exception <a 'java/lang/NoSuchMethodError'{0x0000000712dc8ac8}: 'java.lang.Object java.lang.invoke.DirectMethodHandle$Holder.newInvokeSpecial(java.lang.Object, long)'> (0x0000000712dc8ac8) 
thrown [t:\workspace\open\src\hotspot\share\interpreter\linkResolver.cpp, line 766]
Event: 3.725 Thread 0x00000274a9ea8b60 Exception <a 'java/lang/NoSuchMethodError'{0x0000000712dd3cf0}: 'java.lang.Object java.lang.invoke.DirectMethodHandle$Holder.invokeStaticInit(java.lang.Object, java.lang.Object, long, java.lang.Object)'> (0x0000000712dd3cf0) 
thrown [t:\workspace\open\src\hotspot\share\interpreter\linkResolver.cpp, line 766]
Event: 3.726 Thread 0x00000274a9ea8b60 Exception <a 'java/lang/NoSuchMethodError'{0x0000000712dda3b0}: 'java.lang.Object java.lang.invoke.DirectMethodHandle$Holder.newInvokeSpecial(java.lang.Object, java.lang.Object, long)'> (0x0000000712dda3b0) 
thrown [t:\workspace\open\src\hotspot\share\interpreter\linkResolver.cpp, line 766]
Event: 3.727 Thread 0x00000274a9ea8b60 Exception <a 'java/lang/NoSuchMethodError'{0x0000000712dde6a0}: 'java.lang.Object java.lang.invoke.Invokers$Holder.linkToTargetMethod(java.lang.Object, long, java.lang.Object)'> (0x0000000712dde6a0) 
thrown [t:\workspace\open\src\hotspot\share\interpreter\linkResolver.cpp, line 766]
Event: 3.819 Thread 0x00000274a9ea8b60 Exception <a 'sun/nio/fs/WindowsException'{0x0000000712a7b638}> (0x0000000712a7b638) 
thrown [t:\workspace\open\src\hotspot\share\prims\jni.cpp, line 516]
Event: 3.877 Thread 0x00000274a9ea8b60 Exception <a 'java/lang/ClassNotFoundException'{0x0000000712b6fde8}: sun/awt/resources/spi/awtProvider> (0x0000000712b6fde8) 
thrown [t:\workspace\open\src\hotspot\share\classfile\systemDictionary.cpp, line 256]
Event: 3.910 Thread 0x00000274a9ea8b60 Exception <a 'java/io/FileNotFoundException'{0x0000000712bb7b90}> (0x0000000712bb7b90) 
thrown [t:\workspace\open\src\hotspot\share\prims\jni.cpp, line 516]
Event: 3.920 Thread 0x00000274a9ea8b60 Exception <a 'java/io/FileNotFoundException'{0x0000000712be4e08}> (0x0000000712be4e08) 
thrown [t:\workspace\open\src\hotspot\share\prims\jni.cpp, line 516]
Event: 5.496 Thread 0x00000274a9ea8b60 Exception <a 'java/lang/NoSuchMethodError'{0x0000000712836a88}: 'void java.lang.invoke.DirectMethodHandle$Holder.invokeSpecial(java.lang.Object, java.lang.Object, java.lang.Object)'> (0x0000000712836a88) 
thrown [t:\workspace\open\src\hotspot\share\interpreter\linkResolver.cpp, line 766]
Event: 5.506 Thread 0x00000274a9ea8b60 Exception <a 'java/lang/NoSuchMethodError'{0x0000000712860b80}: 'java.lang.Object java.lang.invoke.DirectMethodHandle$Holder.newInvokeSpecial(java.lang.Object, java.lang.Object, java.lang.Object, java.lang.Object, java.lang.Object)'> (0x0000000712860b80) 
thrown [t:\workspace\open\src\hotspot\share\interpreter\linkResolver.cpp, line 766]
Event: 5.507 Thread 0x00000274a9ea8b60 Exception <a 'java/lang/NoSuchMethodError'{0x000000071286c548}: 'java.lang.Object java.lang.invoke.DirectMethodHandle$Holder.invokeStatic(java.lang.Object, int, java.lang.Object, java.lang.Object, java.lang.Object, java.lang.Object)'> (0x000000071286c548) 
thrown [t:\workspace\open\src\hotspot\share\interpreter\linkResolver.cpp, line 766]
Event: 5.512 Thread 0x00000274a9ea8b60 Exception <a 'java/lang/NoSuchMethodError'{0x0000000712892018}: 'java.lang.Object java.lang.invoke.DirectMethodHandle$Holder.invokeStatic(java.lang.Object, int, java.lang.Object)'> (0x0000000712892018) 
thrown [t:\workspace\open\src\hotspot\share\interpreter\linkResolver.cpp, line 766]
Event: 5.539 Thread 0x00000274a9ea8b60 Exception <a 'java/lang/ClassNotFoundException'{0x000000071294d9c0}: com/sun/swing/internal/plaf/metal/resources/spi/metalProvider> (0x000000071294d9c0) 
thrown [t:\workspace\open\src\hotspot\share\classfile\systemDictionary.cpp, line 256]
Event: 5.540 Thread 0x00000274a9ea8b60 Exception <a 'java/lang/ClassNotFoundException'{0x0000000712951540}: com/sun/swing/internal/plaf/basic/resources/spi/basicProvider> (0x0000000712951540) 
thrown [t:\workspace\open\src\hotspot\share\classfile\systemDictionary.cpp, line 256]
Event: 5.550 Thread 0x00000274a9ea8b60 Implicit null exception at 0x00000274b91c358f to 0x00000274b91c3609
Event: 5.556 Thread 0x00000274a9ea8b60 Implicit null exception at 0x00000274b91af190 to 0x00000274b91af5a0
Event: 5.569 Thread 0x00000274cd4020e0 Exception <a 'java/lang/NoSuchMethodError'{0x00000007129a2ab8}: 'void java.lang.invoke.DirectMethodHandle$Holder.invokeVirtual(java.lang.Object, java.lang.Object)'> (0x00000007129a2ab8) 
thrown [t:\workspace\open\src\hotspot\share\interpreter\linkResolver.cpp, line 766]
Event: 5.589 Thread 0x00000274a9ea8b60 Exception <a 'java/lang/NoSuchMethodError'{0x000000071298adb8}: 'void java.lang.invoke.DirectMethodHandle$Holder.invokeStaticInit(java.lang.Object)'> (0x000000071298adb8) 
thrown [t:\workspace\open\src\hotspot\share\interpreter\linkResolver.cpp, line 766]

VM Operations (20 events):
Event: 807.019 Executing VM operation: G1CollectForAllocation
Event: 807.022 Executing VM operation: G1CollectForAllocation done
Event: 810.684 Executing VM operation: G1CollectForAllocation
Event: 810.685 Executing VM operation: G1CollectForAllocation done
Event: 820.955 Executing VM operation: G1CollectForAllocation
Event: 820.958 Executing VM operation: G1CollectForAllocation done
Event: 824.649 Executing VM operation: G1CollectForAllocation
Event: 824.653 Executing VM operation: G1CollectForAllocation done
Event: 828.987 Executing VM operation: G1CollectForAllocation
Event: 828.988 Executing VM operation: G1CollectForAllocation done
Event: 838.093 Executing VM operation: Cleanup
Event: 838.093 Executing VM operation: Cleanup done
Event: 840.129 Executing VM operation: G1CollectForAllocation
Event: 840.142 Executing VM operation: G1CollectForAllocation done
Event: 844.498 Executing VM operation: G1CollectForAllocation
Event: 844.500 Executing VM operation: G1CollectForAllocation done
Event: 852.977 Executing VM operation: G1CollectForAllocation
Event: 852.978 Executing VM operation: G1CollectForAllocation done
Event: 864.168 Executing VM operation: G1CollectForAllocation
Event: 864.169 Executing VM operation: G1CollectForAllocation done

Events (20 events):
Event: 14.275 Thread 0x00000274d8987540 Thread added: 0x00000274d8987540
Event: 14.316 Thread 0x00000274d8987a50 Thread added: 0x00000274d8987a50
Event: 14.603 Thread 0x00000274d8987a50 Thread exited: 0x00000274d8987a50
Event: 14.603 Thread 0x00000274d8987540 Thread exited: 0x00000274d8987540
Event: 23.543 loading class jdk/internal/access/foreign/MemorySegmentProxy
Event: 23.543 loading class jdk/internal/access/foreign/MemorySegmentProxy done
Event: 54.634 loading class java/awt/event/MouseEvent$1
Event: 54.634 loading class sun/awt/AWTAccessor$MouseEventAccessor
Event: 54.634 loading class sun/awt/AWTAccessor$MouseEventAccessor done
Event: 54.634 loading class java/awt/event/MouseEvent$1 done
Event: 54.657 loading class java/awt/event/MouseWheelEvent
Event: 54.657 loading class java/awt/event/MouseWheelEvent done
Event: 77.078 loading class java/security/DomainCombiner
Event: 77.080 loading class java/security/DomainCombiner done
Event: 787.721 loading class java/util/WeakHashMap$KeyIterator
Event: 787.727 loading class java/util/WeakHashMap$HashIterator
Event: 787.733 loading class java/util/WeakHashMap$HashIterator done
Event: 787.734 loading class java/util/WeakHashMap$KeyIterator done
Event: 787.782 loading class javax/swing/RepaintManager$DisplayChangedRunnable
Event: 787.786 loading class javax/swing/RepaintManager$DisplayChangedRunnable done


Dynamic libraries:
0x00007ff73dee0000 - 0x00007ff73deee000 	C:\Users\lucam\.jdks\openjdk-17.0.1\bin\java.exe
0x00007ffe88330000 - 0x00007ffe88544000 	C:\WINDOWS\SYSTEM32\ntdll.dll
0x00007ffe86190000 - 0x00007ffe86252000 	C:\WINDOWS\System32\KERNEL32.DLL
0x00007ffe857d0000 - 0x00007ffe85b73000 	C:\WINDOWS\System32\KERNELBASE.dll
0x00007ffe85b80000 - 0x00007ffe85c91000 	C:\WINDOWS\System32\ucrtbase.dll
0x00007ffe6c9f0000 - 0x00007ffe6ca08000 	C:\Users\lucam\.jdks\openjdk-17.0.1\bin\jli.dll
0x00007ffe5e590000 - 0x00007ffe5e5aa000 	C:\Users\lucam\.jdks\openjdk-17.0.1\bin\VCRUNTIME140.dll
0x00007ffe865d0000 - 0x00007ffe8677b000 	C:\WINDOWS\System32\USER32.dll
0x00007ffe692b0000 - 0x00007ffe6953e000 	C:\WINDOWS\WinSxS\amd64_microsoft.windows.common-controls_6595b64144ccf1df_6.0.22621.1635_none_270f70857386168e\COMCTL32.dll
0x00007ffe85ca0000 - 0x00007ffe85cc6000 	C:\WINDOWS\System32\win32u.dll
0x00007ffe86380000 - 0x00007ffe86427000 	C:\WINDOWS\System32\msvcrt.dll
0x00007ffe86990000 - 0x00007ffe869b9000 	C:\WINDOWS\System32\GDI32.dll
0x00007ffe85d70000 - 0x00007ffe85e88000 	C:\WINDOWS\System32\gdi32full.dll
0x00007ffe85cd0000 - 0x00007ffe85d6a000 	C:\WINDOWS\System32\msvcp_win.dll
0x00007ffe864b0000 - 0x00007ffe864e1000 	C:\WINDOWS\System32\IMM32.DLL
0x00007ffe7b450000 - 0x00007ffe7b45c000 	C:\Users\lucam\.jdks\openjdk-17.0.1\bin\vcruntime140_1.dll
0x00007ffe37440000 - 0x00007ffe374cd000 	C:\Users\lucam\.jdks\openjdk-17.0.1\bin\msvcp140.dll
0x00007ffdc7030000 - 0x00007ffdc7bee000 	C:\Users\lucam\.jdks\openjdk-17.0.1\bin\server\jvm.dll
0x00007ffe87770000 - 0x00007ffe8781e000 	C:\WINDOWS\System32\ADVAPI32.dll
0x00007ffe86ea0000 - 0x00007ffe86f44000 	C:\WINDOWS\System32\sechost.dll
0x00007ffe881b0000 - 0x00007ffe882c7000 	C:\WINDOWS\System32\RPCRT4.dll
0x00007ffe87880000 - 0x00007ffe87888000 	C:\WINDOWS\System32\PSAPI.DLL
0x00007ffe54e60000 - 0x00007ffe54e69000 	C:\WINDOWS\SYSTEM32\WSOCK32.dll
0x00007ffe7b2b0000 - 0x00007ffe7b2e4000 	C:\WINDOWS\SYSTEM32\WINMM.dll
0x00007ffe86430000 - 0x00007ffe864a1000 	C:\WINDOWS\System32\WS2_32.dll
0x00007ffe79690000 - 0x00007ffe7969a000 	C:\WINDOWS\SYSTEM32\VERSION.dll
0x00007ffe84760000 - 0x00007ffe84778000 	C:\WINDOWS\SYSTEM32\kernel.appcore.dll
0x00007ffe764f0000 - 0x00007ffe764fa000 	C:\Users\lucam\.jdks\openjdk-17.0.1\bin\jimage.dll
0x00007ffe7fe10000 - 0x00007ffe8003e000 	C:\WINDOWS\SYSTEM32\DBGHELP.DLL
0x00007ffe878f0000 - 0x00007ffe87c79000 	C:\WINDOWS\System32\combase.dll
0x00007ffe864f0000 - 0x00007ffe865c7000 	C:\WINDOWS\System32\OLEAUT32.dll
0x00007ffe6abd0000 - 0x00007ffe6ac02000 	C:\WINDOWS\SYSTEM32\dbgcore.DLL
0x00007ffe85750000 - 0x00007ffe857cb000 	C:\WINDOWS\System32\bcryptPrimitives.dll
0x00007ffe71f70000 - 0x00007ffe71f7e000 	C:\Users\lucam\.jdks\openjdk-17.0.1\bin\instrument.dll
0x00007ffe37410000 - 0x00007ffe37435000 	C:\Users\lucam\.jdks\openjdk-17.0.1\bin\java.dll
0x00007ffe37330000 - 0x00007ffe37406000 	C:\Users\lucam\.jdks\openjdk-17.0.1\bin\svml.dll
0x00007ffe86f50000 - 0x00007ffe8774a000 	C:\WINDOWS\System32\SHELL32.dll
0x00007ffe83700000 - 0x00007ffe83fce000 	C:\WINDOWS\SYSTEM32\windows.storage.dll
0x00007ffe835c0000 - 0x00007ffe836fe000 	C:\WINDOWS\SYSTEM32\wintypes.dll
0x00007ffe869c0000 - 0x00007ffe86ab1000 	C:\WINDOWS\System32\SHCORE.dll
0x00007ffe87820000 - 0x00007ffe8787e000 	C:\WINDOWS\System32\shlwapi.dll
0x00007ffe85680000 - 0x00007ffe856a1000 	C:\WINDOWS\SYSTEM32\profapi.dll
0x00007ffe37310000 - 0x00007ffe37328000 	C:\Users\lucam\.jdks\openjdk-17.0.1\bin\zip.dll
0x00007ffe54b70000 - 0x00007ffe54b89000 	C:\Users\lucam\.jdks\openjdk-17.0.1\bin\net.dll
0x00007ffe7b170000 - 0x00007ffe7b2a7000 	C:\WINDOWS\SYSTEM32\WINHTTP.dll
0x00007ffe84bc0000 - 0x00007ffe84c29000 	C:\WINDOWS\system32\mswsock.dll
0x00007ffe49050000 - 0x00007ffe49065000 	C:\Users\lucam\.jdks\openjdk-17.0.1\bin\nio.dll
0x00007ffe372f0000 - 0x00007ffe3730a000 	D:\Tools\IntelliJ IDEA Community Edition 2021.2.3\bin\breakgen64.dll
0x00007ffe84fd0000 - 0x00007ffe84feb000 	C:\WINDOWS\SYSTEM32\CRYPTSP.dll
0x00007ffe846d0000 - 0x00007ffe84705000 	C:\WINDOWS\system32\rsaenh.dll
0x00007ffe84cd0000 - 0x00007ffe84cf8000 	C:\WINDOWS\SYSTEM32\USERENV.dll
0x00007ffe85120000 - 0x00007ffe85148000 	C:\WINDOWS\SYSTEM32\bcrypt.dll
0x00007ffe84fb0000 - 0x00007ffe84fbc000 	C:\WINDOWS\SYSTEM32\CRYPTBASE.dll
0x00007ffe84230000 - 0x00007ffe8425d000 	C:\WINDOWS\SYSTEM32\IPHLPAPI.DLL
0x00007ffe86c60000 - 0x00007ffe86c69000 	C:\WINDOWS\System32\NSI.dll
0x00007ffe7a9a0000 - 0x00007ffe7a9b9000 	C:\WINDOWS\SYSTEM32\dhcpcsvc6.DLL
0x00007ffe7a960000 - 0x00007ffe7a97f000 	C:\WINDOWS\SYSTEM32\dhcpcsvc.DLL
0x00007ffe842a0000 - 0x00007ffe84393000 	C:\WINDOWS\SYSTEM32\DNSAPI.dll
0x00007ffe53d70000 - 0x00007ffe53d7d000 	C:\Users\lucam\AppData\Local\Temp\jogamp_0000\file_cache\jln8109558204793998334\jln11251637494466793247\natives\windows-amd64\gluegen_rt.dll
0x00007ffe31d70000 - 0x00007ffe31efe000 	C:\Users\lucam\.jdks\openjdk-17.0.1\bin\awt.dll
0x00007ffe7f630000 - 0x00007ffe7f6c7000 	C:\WINDOWS\SYSTEM32\apphelp.dll
0x00007ffe7f8f0000 - 0x00007ffe7f99b000 	C:\WINDOWS\system32\uxtheme.dll
0x00007ffe86b40000 - 0x00007ffe86c5e000 	C:\WINDOWS\System32\MSCTF.dll
0x00007ffe86d00000 - 0x00007ffe86e9c000 	C:\WINDOWS\System32\ole32.dll
0x00007ffe51f40000 - 0x00007ffe51f47000 	C:\Users\lucam\.jdks\openjdk-17.0.1\bin\jawt.dll
0x00007ffe4f520000 - 0x00007ffe4f52d000 	C:\Users\lucam\AppData\Local\Temp\jogamp_0000\file_cache\jln8109558204793998334\jln11251637494466793247\natives\windows-amd64\nativewindow_awt.dll
0x00007ffe7fb40000 - 0x00007ffe7fb6b000 	C:\WINDOWS\system32\DWMAPI.DLL
0x00007ffe75770000 - 0x00007ffe75870000 	C:\WINDOWS\system32\opengl32.dll
0x00007ffe75700000 - 0x00007ffe7572d000 	C:\WINDOWS\SYSTEM32\GLU32.dll
0x00007ffe7f9f0000 - 0x00007ffe7fa26000 	C:\WINDOWS\SYSTEM32\dxcore.dll
0x00007ffe37230000 - 0x00007ffe37245000 	C:\Users\lucam\AppData\Local\Temp\jogamp_0000\file_cache\jln8109558204793998334\jln11251637494466793247\natives\windows-amd64\nativewindow_win32.dll
0x00007ffe31ce0000 - 0x00007ffe31d66000 	C:\Users\lucam\AppData\Local\Temp\jogamp_0000\file_cache\jln8109558204793998334\jln11251637494466793247\natives\windows-amd64\jogl_desktop.dll
0x00007ffde17e0000 - 0x00007ffde1b1e000 	D:\Tools\MiKTeX\miktex\bin\x64\libGLESv2.dll
0x00007ffe2f860000 - 0x00007ffe2fa09000 	C:\WINDOWS\SYSTEM32\d3d9.dll
0x00007ffe31bb0000 - 0x00007ffe31c06000 	C:\Users\lucam\AppData\Local\Temp\jogamp_0000\file_cache\jln8109558204793998334\jln11251637494466793247\natives\windows-amd64\jogl_mobile.dll
0x00007ffe7b620000 - 0x00007ffe7b668000 	C:\WINDOWS\SYSTEM32\directxdatabasehelper.dll
0x00007ffe88100000 - 0x00007ffe881b0000 	C:\WINDOWS\System32\clbcatq.dll
0x00007ffe7b670000 - 0x00007ffe7b7a4000 	C:\Windows\System32\AppXDeploymentClient.dll
0x00007ffdc6020000 - 0x00007ffdc7027000 	C:\WINDOWS\System32\DriverStore\FileRepository\iigd_dch.inf_amd64_da9e7901301fc70a\ig11icd64.dll
0x00007ffe7fa30000 - 0x00007ffe7fb26000 	C:\WINDOWS\system32\dxgi.dll
0x00007ffe76190000 - 0x00007ffe763cf000 	C:\WINDOWS\System32\DriverStore\FileRepository\iigd_dch.inf_amd64_da9e7901301fc70a\igdgmm64.dll
0x00007ffdc9f10000 - 0x00007ffdca325000 	C:\WINDOWS\System32\DriverStore\FileRepository\iigd_dch.inf_amd64_da9e7901301fc70a\igdml64.dll
0x00007ffe2be50000 - 0x00007ffe2eab2000 	C:\WINDOWS\System32\DriverStore\FileRepository\iigd_dch.inf_amd64_da9e7901301fc70a\igc64.dll
0x00007ffe84f60000 - 0x00007ffe84fad000 	C:\WINDOWS\SYSTEM32\powrprof.dll
0x00007ffe84f10000 - 0x00007ffe84f23000 	C:\WINDOWS\SYSTEM32\UMPDC.dll
0x00007ffe310d0000 - 0x00007ffe31159000 	C:\Users\lucam\.jdks\openjdk-17.0.1\bin\freetype.dll
0x00007ffde1fa0000 - 0x00007ffde2048000 	C:\Users\lucam\.jdks\openjdk-17.0.1\bin\fontmanager.dll
0x00007ffe6a3e0000 - 0x00007ffe6a50d000 	C:\WINDOWS\SYSTEM32\textinputframework.dll
0x00007ffe7ee30000 - 0x00007ffe7ef63000 	C:\WINDOWS\SYSTEM32\CoreMessaging.dll
0x00007ffe7a9c0000 - 0x00007ffe7ad2c000 	C:\WINDOWS\SYSTEM32\CoreUIComponents.dll
0x00007ffe6ad40000 - 0x00007ffe6adf0000 	C:\WINDOWS\SYSTEM32\TextShaping.dll

dbghelp: loaded successfully - version: 4.0.5 - missing functions: none
symbol engine: initialized successfully - sym options: 0x614 - pdb path: .;C:\Users\lucam\.jdks\openjdk-17.0.1\bin;C:\WINDOWS\SYSTEM32;C:\WINDOWS\WinSxS\amd64_microsoft.windows.common-controls_6595b64144ccf1df_6.0.22621.1635_none_270f70857386168e;C:\Users\lucam\.jdks\openjdk-17.0.1\bin\server;D:\Tools\IntelliJ IDEA Community Edition 2021.2.3\bin;C:\Users\lucam\AppData\Local\Temp\jogamp_0000\file_cache\jln8109558204793998334\jln11251637494466793247\natives\windows-amd64;D:\Tools\MiKTeX\miktex\bin\x64;C:\WINDOWS\System32\DriverStore\FileRepository\iigd_dch.inf_amd64_da9e7901301fc70a

VM Arguments:
jvm_args: --add-exports=java.base/java.lang=ALL-UNNAMED --add-exports=java.desktop/sun.awt=ALL-UNNAMED --add-exports=java.desktop/sun.java2d=ALL-UNNAMED -javaagent:D:\Tools\IntelliJ IDEA Community Edition 2021.2.3\lib\idea_rt.jar=62753:D:\Tools\IntelliJ IDEA Community Edition 2021.2.3\bin -Dfile.encoding=UTF-8 
java_command: MainFrame
java_class_path (initial): D:\GIU\Laborator 2\lib\joal.jar;D:\GIU\Laborator 2\lib\jocl.jar;D:\GIU\Laborator 2\lib\gluegen.jar;D:\GIU\Laborator 2\lib\jogl-all.jar;D:\GIU\Laborator 2\lib\joal-test.jar;D:\GIU\Laborator 2\lib\jocl-test.jar;D:\GIU\Laborator 2\lib\jogl-test.jar;D:\GIU\Laborator 2\lib\gluegen-rt.jar;D:\GIU\Laborator 2\lib\joal-android.jar;D:\GIU\Laborator 2\lib\jocl-android.jar;D:\GIU\Laborator 2\lib\jogl-all-noawt.jar;D:\GIU\Laborator 2\lib\jogl-all-mobile.jar;D:\GIU\Laborator 2\lib\jogl-all-android.jar;D:\GIU\Laborator 2\lib\gluegen-test-util.jar;D:\GIU\Laborator 2\lib\joal-test-android.jar;D:\GIU\Laborator 2\lib\jocl-test-android.jar;D:\GIU\Laborator 2\lib\jogl-demos-mobile.jar;D:\GIU\Laborator 2\lib\jogl-test-android.jar;D:\GIU\Laborator 2\lib\gluegen-rt-android.jar;D:\GIU\Laborator 2\lib\joal-natives-linux-amd64.jar;D:\GIU\Laborator 2\lib\jocl-natives-linux-amd64.jar;D:\GIU\Laborator 2\lib\joal-natives-linux-aarch64.jar;D:\GIU\Laborator 2\lib\joal-natives-linux-armv6hf.jar;D:\GIU\Laborator 2\lib\joal-natives-windows-amd64.jar;D:\GIU\Laborator 2\lib\jocl-natives-linux-aarch64.jar;D:\GIU\Laborator 2\lib\jocl-natives-linux-armv6hf.jar;D:\GIU\Laborator 2\lib\jocl-natives-windows-amd64.jar;D:\GIU\Laborator 2\lib\joal-natives-android-aarch64.jar;D:\GIU\Laborator 2\lib\jocl-natives-android-aarch64.jar;D:\GIU\Laborator 2\lib\jogl-all-natives-linux-amd64.jar;D:\GIU\Laborator 2\lib\joal-natives-macosx-universal.jar;D:\GIU\Laborator 2\lib\jocl-natives-macosx-universal.jar;D:\GIU\Laborator 2\lib\gluegen-rt-natives-linux-amd64.jar;D:\GIU\Laborator 2\lib\jogl-all-natives-linux-aarch64.jar;D:\GIU\Laborator 2\lib\jogl-all-natives-linux-armv6hf.jar;D:\GIU\Laborator 2\lib\jogl-all-natives-windows-amd64.jar;D:\GIU\Laborator 2\lib\gluegen-rt-natives-linux-aarch64.jar;D:\GIU\Laborator 2\lib\gluegen-rt-natives-linux-armv6hf.jar;D:\GIU\Laborator 2\lib\gluegen-rt-natives-windows-amd64.jar;D:\GIU\Laborator 2\lib\joal-android-natives-linux-amd64.jar;D:\GIU\Laborator 2\lib\jo
Launcher Type: SUN_STANDARD

[Global flags]
     intx CICompilerCount                          = 4                                         {product} {ergonomic}
     uint ConcGCThreads                            = 2                                         {product} {ergonomic}
     uint G1ConcRefinementThreads                  = 8                                         {product} {ergonomic}
   size_t G1HeapRegionSize                         = 2097152                                   {product} {ergonomic}
    uintx GCDrainStackTargetSize                   = 64                                        {product} {ergonomic}
   size_t InitialHeapSize                          = 266338304                                 {product} {ergonomic}
   size_t MarkStackSize                            = 4194304                                   {product} {ergonomic}
   size_t MaxHeapSize                              = 4238344192                                {product} {ergonomic}
   size_t MaxNewSize                               = 2541748224                                {product} {ergonomic}
   size_t MinHeapDeltaBytes                        = 2097152                                   {product} {ergonomic}
   size_t MinHeapSize                              = 8388608                                   {product} {ergonomic}
    uintx NonNMethodCodeHeapSize                   = 5839372                                {pd product} {ergonomic}
    uintx NonProfiledCodeHeapSize                  = 122909434                              {pd product} {ergonomic}
    uintx ProfiledCodeHeapSize                     = 122909434                              {pd product} {ergonomic}
    uintx ReservedCodeCacheSize                    = 251658240                              {pd product} {ergonomic}
     bool SegmentedCodeCache                       = true                                      {product} {ergonomic}
   size_t SoftMaxHeapSize                          = 4238344192                             {manageable} {ergonomic}
     bool UseCompressedClassPointers               = true                           {product lp64_product} {ergonomic}
     bool UseCompressedOops                        = true                           {product lp64_product} {ergonomic}
     bool UseG1GC                                  = true                                      {product} {ergonomic}
     bool UseLargePagesIndividualAllocation        = false                                  {pd product} {ergonomic}

Logging:
Log output configuration:
 #0: stdout all=warning uptime,level,tags
 #1: stderr all=off uptime,level,tags

Environment Variables:
JAVA_HOME=C:\Program Files\Java\jdk-19
PATH=C:\Program Files\Common Files\Oracle\Java\javapath;C:\Program Files (x86)\Common Files\Oracle\Java\javapath;C:\Windows\system32;C:\Windows;C:\Windows\System32\Wbem;C:\Windows\System32\WindowsPowerShell\v1.0\;C:\Windows\System32\OpenSSH\;C:\Program Files\NVIDIA Corporation\NVIDIA NvDLISR;C:\Program Files (x86)\NVIDIA Corporation\PhysX\Common;C:\Program Files\Git\cmd;C:\Program Files\nodejs\;C:\WINDOWS\system32;C:\WINDOWS;C:\WINDOWS\System32\Wbem;C:\WINDOWS\System32\WindowsPowerShell\v1.0\;C:\WINDOWS\System32\OpenSSH\;C:\Program Files (x86)\Microsoft SQL Server\150\DTS\Binn\;C:\Program Files\Azure Data Studio\bin;C:\Program Files\Microsoft SQL Server\Client SDK\ODBC\170\Tools\Binn\;C:\Program Files (x86)\Microsoft SQL Server\150\Tools\Binn\;C:\Program Files\Microsoft SQL Server\150\Tools\Binn\;C:\Program Files\Microsoft SQL Server\150\DTS\Binn\;C:\Program Files\dotnet\;C:\Users\lucam\AppData\Local\Microsoft\WindowsApps;D:\Tools\IntelliJ IDEA Community Edition 2021.2.3\bin;C:\mingw\bin;C:\Users\lucam\AppData\Local\Programs\Microsoft VS Code\bin;D:\Tools\Azure Data Studio\bin;C:\Users\lucam\AppData\Roaming\npm;C:\Users\lucam\AppData\Local\GitHubDesktop\bin;C:\flutter_windows_3.0.5-stable\development\sdks\flutter\bin;D:\Tools\Fiddler;C:\Program Files\Azure Data Studio\bin;D:\Tools\PyCharm Community Edition 2022.2.3\bin;;D:\Tools\MiKTeX\miktex\bin\x64\;C:\Users\lucam\.dotnet\tools
USERNAME=lucam
OS=Windows_NT
PROCESSOR_IDENTIFIER=Intel64 Family 6 Model 126 Stepping 5, GenuineIntel



---------------  S Y S T E M  ---------------

OS:
 Windows 10 , 64 bit Build 22621 (10.0.22621.1635)
OS uptime: 1 days 9:59 hours
Hyper-V role detected

CPU: total 8 (initial active 8) (4 cores per cpu, 2 threads per core) family 6 model 126 stepping 5 microcode 0xa8, cx8, cmov, fxsr, ht, mmx, 3dnowpref, sse, sse2, sse3, ssse3, sse4.1, sse4.2, popcnt, lzcnt, tsc, tscinvbit, avx, avx2, aes, erms, clmul, bmi1, bmi2, adx, avx512f, avx512dq, avx512cd, avx512bw, avx512vl, sha, fma, vzeroupper, avx512_vpopcntdq, avx512_vpclmulqdq, avx512_vaes, avx512_vnni, clflush, clflushopt, avx512_vbmi2, avx512_vbmi, hv

Memory: 4k page, system-wide physical 16161M (3317M free)
TotalPageFile size 45772M (AvailPageFile size 268M)
current process WorkingSet (physical memory assigned to process): 6778M, peak: 10899M
current process commit charge ("private bytes"): 35679M, peak: 35679M

vm_info: OpenJDK 64-Bit Server VM (17.0.1+12-39) for windows-amd64 JRE (17.0.1+12-39), built on Sep 27 2021 18:39:29 by "mach5one" with MS VC++ 16.8 (VS2019)

END.
